[2020-08-10 12:44:06.977] [exthost] [info] extension host started
[2020-08-10 12:44:09.098] [exthost] [info] ExtensionService#_doActivateExtension vscode.typescript-language-features {"startup":false,"extensionId":{"value":"vscode.typescript-language-features","_lower":"vscode.typescript-language-features"},"activationEvent":"onLanguage:javascript"}
[2020-08-10 12:44:09.098] [exthost] [info] ExtensionService#loadCommonJSModule file:///snap/code/39/usr/share/code/resources/app/extensions/typescript-language-features/dist/extension
[2020-08-10 12:44:09.849] [exthost] [info] ExtensionService#_doActivateExtension vscode.debug-auto-launch {"startup":true,"extensionId":{"value":"vscode.debug-auto-launch","_lower":"vscode.debug-auto-launch"},"activationEvent":"*"}
[2020-08-10 12:44:09.855] [exthost] [info] ExtensionService#loadCommonJSModule file:///snap/code/39/usr/share/code/resources/app/extensions/debug-auto-launch/dist/extension
[2020-08-10 12:44:09.953] [exthost] [info] ExtensionService#_doActivateExtension vscode.emmet {"startup":true,"extensionId":{"value":"vscode.emmet","_lower":"vscode.emmet"},"activationEvent":"*"}
[2020-08-10 12:44:09.958] [exthost] [info] ExtensionService#loadCommonJSModule file:///snap/code/39/usr/share/code/resources/app/extensions/emmet/dist/extension
[2020-08-10 12:44:10.609] [exthost] [info] ExtensionService#_doActivateExtension vscode.git {"startup":true,"extensionId":{"value":"vscode.github","_lower":"vscode.github"},"activationEvent":"*"}
[2020-08-10 12:44:10.623] [exthost] [info] ExtensionService#loadCommonJSModule file:///snap/code/39/usr/share/code/resources/app/extensions/git/dist/main
[2020-08-10 12:44:11.853] [exthost] [info] ExtensionService#_doActivateExtension vscode.github-authentication {"startup":true,"extensionId":{"value":"vscode.github-authentication","_lower":"vscode.github-authentication"},"activationEvent":"*"}
[2020-08-10 12:44:11.854] [exthost] [info] ExtensionService#loadCommonJSModule file:///snap/code/39/usr/share/code/resources/app/extensions/github-authentication/dist/extension.js
[2020-08-10 12:44:12.449] [exthost] [info] ExtensionService#_doActivateExtension vscode.merge-conflict {"startup":true,"extensionId":{"value":"vscode.merge-conflict","_lower":"vscode.merge-conflict"},"activationEvent":"*"}
[2020-08-10 12:44:12.449] [exthost] [info] ExtensionService#loadCommonJSModule file:///snap/code/39/usr/share/code/resources/app/extensions/merge-conflict/dist/mergeConflictMain
[2020-08-10 12:44:12.659] [exthost] [info] ExtensionService#_doActivateExtension vscode.microsoft-authentication {"startup":true,"extensionId":{"value":"vscode.microsoft-authentication","_lower":"vscode.microsoft-authentication"},"activationEvent":"*"}
[2020-08-10 12:44:12.660] [exthost] [info] ExtensionService#loadCommonJSModule file:///snap/code/39/usr/share/code/resources/app/extensions/microsoft-authentication/dist/extension.js
[2020-08-10 12:44:12.803] [exthost] [info] ExtensionService#_doActivateExtension vscode.search-result {"startup":true,"extensionId":{"value":"vscode.search-result","_lower":"vscode.search-result"},"activationEvent":"*"}
[2020-08-10 12:44:12.806] [exthost] [info] ExtensionService#loadCommonJSModule file:///snap/code/39/usr/share/code/resources/app/extensions/search-result/dist/extension.js
[2020-08-10 12:44:12.918] [exthost] [info] ExtensionService#_doActivateExtension vscode.npm {"startup":true,"extensionId":{"value":"vscode.npm","_lower":"vscode.npm"},"activationEvent":"workspaceContains:package.json"}
[2020-08-10 12:44:12.919] [exthost] [info] ExtensionService#loadCommonJSModule file:///snap/code/39/usr/share/code/resources/app/extensions/npm/dist/npmMain
[2020-08-10 12:44:24.925] [exthost] [info] ExtensionService#_doActivateExtension vscode.github {"startup":true,"extensionId":{"value":"vscode.github","_lower":"vscode.github"},"activationEvent":"*"}
[2020-08-10 12:44:24.957] [exthost] [info] ExtensionService#loadCommonJSModule file:///snap/code/39/usr/share/code/resources/app/extensions/github/dist/extension.js
[2020-08-10 12:44:25.618] [exthost] [info] eager extensions activated
[2020-08-10 12:55:22.948] [exthost] [info] ExtensionService#_doActivateExtension vscode.extension-editing {"startup":false,"extensionId":{"value":"vscode.extension-editing","_lower":"vscode.extension-editing"},"activationEvent":"onLanguage:typescript"}
[2020-08-10 12:55:22.951] [exthost] [info] ExtensionService#loadCommonJSModule file:///snap/code/39/usr/share/code/resources/app/extensions/extension-editing/dist/extension
[2020-08-10 13:40:28.671] [exthost] [error] [vscode.typescript-language-features] provider FAILED
[2020-08-10 13:40:28.707] [exthost] [error] Error: DisposableStore is missing...
	at U._convertCompletionItem (/snap/code/39/usr/share/code/resources/app/out/vs/workbench/services/extensions/node/extensionHostProcess.js:679:652)
	at U.resolveCompletionItem (/snap/code/39/usr/share/code/resources/app/out/vs/workbench/services/extensions/node/extensionHostProcess.js:679:419)
	at runMicrotasks (<anonymous>)
	at processTicksAndRejections (internal/process/task_queues.js:85:5)
[2020-08-10 13:52:56.374] [exthost] [error] [vscode.typescript-language-features] provider FAILED
[2020-08-10 13:52:56.375] [exthost] [error] Error: DisposableStore is missing...
	at U._convertCompletionItem (/snap/code/39/usr/share/code/resources/app/out/vs/workbench/services/extensions/node/extensionHostProcess.js:679:652)
	at U.resolveCompletionItem (/snap/code/39/usr/share/code/resources/app/out/vs/workbench/services/extensions/node/extensionHostProcess.js:679:419)
	at processTicksAndRejections (internal/process/task_queues.js:85:5)
[2020-08-10 14:01:51.659] [exthost] [error] [vscode.typescript-language-features] provider FAILED
[2020-08-10 14:01:51.663] [exthost] [error] Error: DisposableStore is missing...
	at U._convertCompletionItem (/snap/code/39/usr/share/code/resources/app/out/vs/workbench/services/extensions/node/extensionHostProcess.js:679:652)
	at U.resolveCompletionItem (/snap/code/39/usr/share/code/resources/app/out/vs/workbench/services/extensions/node/extensionHostProcess.js:679:419)
	at runMicrotasks (<anonymous>)
	at processTicksAndRejections (internal/process/task_queues.js:85:5)
